{"C:\\Users\\sirdelgado\\OneDrive - BASCULAS REVUELTA SA DE CV\\Documentos\\Cusros\\React\\React\\02-first-steps\\src\\FirstStepsApp.tsx": {"path":"C:\\Users\\sirdelgado\\OneDrive - BASCULAS REVUELTA SA DE CV\\Documentos\\Cusros\\React\\React\\02-first-steps\\src\\FirstStepsApp.tsx","statementMap":{"0":{"start":{"line":8,"column":32},"end":{"line":12,"column":null}}},"fnMap":{"0":{"name":"FirstStepsApp","decl":{"start":{"line":14,"column":16},"end":{"line":14,"column":null}},"loc":{"start":{"line":14,"column":16},"end":{"line":24,"column":null}},"line":14}},"branchMap":{},"s":{"0":1},"f":{"0":3},"b":{},"meta":{"lastBranch":0,"lastFunction":1,"lastStatement":1,"seen":{"s:8:32:12:Infinity":0,"f:14:16:14:Infinity":0}}}
,"C:\\Users\\sirdelgado\\OneDrive - BASCULAS REVUELTA SA DE CV\\Documentos\\Cusros\\React\\React\\02-first-steps\\src\\MyAwesomeApp.tsx": {"path":"C:\\Users\\sirdelgado\\OneDrive - BASCULAS REVUELTA SA DE CV\\Documentos\\Cusros\\React\\React\\02-first-steps\\src\\MyAwesomeApp.tsx","statementMap":{"0":{"start":{"line":3,"column":15},"end":{"line":3,"column":null}},"1":{"start":{"line":4,"column":17},"end":{"line":4,"column":null}},"2":{"start":{"line":6,"column":23},"end":{"line":6,"column":null}},"3":{"start":{"line":7,"column":15},"end":{"line":7,"column":null}},"4":{"start":{"line":9,"column":16},"end":{"line":13,"column":null}},"5":{"start":{"line":15,"column":31},"end":{"line":18,"column":null}}},"fnMap":{"0":{"name":"MyAwesomeApp","decl":{"start":{"line":20,"column":16},"end":{"line":20,"column":null}},"loc":{"start":{"line":20,"column":16},"end":{"line":34,"column":null}},"line":20}},"branchMap":{"0":{"loc":{"start":{"line":29,"column":11},"end":{"line":29,"column":null}},"type":"cond-expr","locations":[{"start":{"line":29,"column":20},"end":{"line":29,"column":31}},{"start":{"line":29,"column":31},"end":{"line":29,"column":null}}],"line":29}},"s":{"0":1,"1":1,"2":1,"3":1,"4":1,"5":1},"f":{"0":4},"b":{"0":[4,0]},"meta":{"lastBranch":1,"lastFunction":1,"lastStatement":6,"seen":{"s:3:15:3:Infinity":0,"s:4:17:4:Infinity":1,"s:6:23:6:Infinity":2,"s:7:15:7:Infinity":3,"s:9:16:13:Infinity":4,"s:15:31:18:Infinity":5,"f:20:16:20:Infinity":0,"b:29:20:29:31:29:31:29:Infinity":0}}}
,"C:\\Users\\sirdelgado\\OneDrive - BASCULAS REVUELTA SA DE CV\\Documentos\\Cusros\\React\\React\\02-first-steps\\src\\helpers\\math.helper.ts": {"path":"C:\\Users\\sirdelgado\\OneDrive - BASCULAS REVUELTA SA DE CV\\Documentos\\Cusros\\React\\React\\02-first-steps\\src\\helpers\\math.helper.ts","statementMap":{"0":{"start":{"line":1,"column":19},"end":{"line":3,"column":null}},"1":{"start":{"line":2,"column":2},"end":{"line":2,"column":null}},"2":{"start":{"line":5,"column":24},"end":{"line":7,"column":null}},"3":{"start":{"line":6,"column":2},"end":{"line":6,"column":null}},"4":{"start":{"line":9,"column":24},"end":{"line":11,"column":null}},"5":{"start":{"line":10,"column":2},"end":{"line":10,"column":null}},"6":{"start":{"line":13,"column":22},"end":{"line":15,"column":null}},"7":{"start":{"line":14,"column":2},"end":{"line":14,"column":null}}},"fnMap":{"0":{"name":"(anonymous_0)","decl":{"start":{"line":1,"column":19},"end":{"line":1,"column":20}},"loc":{"start":{"line":1,"column":31},"end":{"line":3,"column":null}},"line":1},"1":{"name":"(anonymous_1)","decl":{"start":{"line":5,"column":24},"end":{"line":5,"column":25}},"loc":{"start":{"line":5,"column":36},"end":{"line":7,"column":null}},"line":5},"2":{"name":"(anonymous_2)","decl":{"start":{"line":9,"column":24},"end":{"line":9,"column":25}},"loc":{"start":{"line":9,"column":36},"end":{"line":11,"column":null}},"line":9},"3":{"name":"(anonymous_3)","decl":{"start":{"line":13,"column":22},"end":{"line":13,"column":23}},"loc":{"start":{"line":13,"column":34},"end":{"line":15,"column":null}},"line":13}},"branchMap":{},"s":{"0":1,"1":1,"2":1,"3":2,"4":1,"5":2,"6":1,"7":2},"f":{"0":1,"1":2,"2":2,"3":2},"b":{},"meta":{"lastBranch":0,"lastFunction":4,"lastStatement":8,"seen":{"s:1:19:3:Infinity":0,"f:1:19:1:20":0,"s:2:2:2:Infinity":1,"s:5:24:7:Infinity":2,"f:5:24:5:25":1,"s:6:2:6:Infinity":3,"s:9:24:11:Infinity":4,"f:9:24:9:25":2,"s:10:2:10:Infinity":5,"s:13:22:15:Infinity":6,"f:13:22:13:23":3,"s:14:2:14:Infinity":7}}}
,"C:\\Users\\sirdelgado\\OneDrive - BASCULAS REVUELTA SA DE CV\\Documentos\\Cusros\\React\\React\\02-first-steps\\src\\shoping-cart\\ItemCounter.module.css": {"path":"C:\\Users\\sirdelgado\\OneDrive - BASCULAS REVUELTA SA DE CV\\Documentos\\Cusros\\React\\React\\02-first-steps\\src\\shoping-cart\\ItemCounter.module.css","statementMap":{},"fnMap":{},"branchMap":{},"s":{},"f":{},"b":{},"meta":{"lastBranch":0,"lastFunction":0,"lastStatement":0,"seen":{}}}
,"C:\\Users\\sirdelgado\\OneDrive - BASCULAS REVUELTA SA DE CV\\Documentos\\Cusros\\React\\React\\02-first-steps\\src\\shoping-cart\\ItemCounter.tsx": {"path":"C:\\Users\\sirdelgado\\OneDrive - BASCULAS REVUELTA SA DE CV\\Documentos\\Cusros\\React\\React\\02-first-steps\\src\\shoping-cart\\ItemCounter.tsx","statementMap":{"0":{"start":{"line":10,"column":20},"end":{"line":37,"column":null}},"1":{"start":{"line":11,"column":25},"end":{"line":11,"column":null}},"2":{"start":{"line":13,"column":20},"end":{"line":15,"column":null}},"3":{"start":{"line":14,"column":4},"end":{"line":14,"column":null}},"4":{"start":{"line":16,"column":25},"end":{"line":19,"column":null}},"5":{"start":{"line":17,"column":4},"end":{"line":17,"column":null}},"6":{"start":{"line":17,"column":21},"end":{"line":17,"column":null}},"7":{"start":{"line":18,"column":4},"end":{"line":18,"column":null}},"8":{"start":{"line":21,"column":35},"end":{"line":23,"column":null}}},"fnMap":{"0":{"name":"(anonymous_0)","decl":{"start":{"line":10,"column":20},"end":{"line":10,"column":21}},"loc":{"start":{"line":10,"column":50},"end":{"line":37,"column":null}},"line":10},"1":{"name":"(anonymous_1)","decl":{"start":{"line":13,"column":20},"end":{"line":13,"column":null}},"loc":{"start":{"line":13,"column":20},"end":{"line":15,"column":null}},"line":13},"2":{"name":"(anonymous_2)","decl":{"start":{"line":16,"column":25},"end":{"line":16,"column":null}},"loc":{"start":{"line":16,"column":25},"end":{"line":19,"column":null}},"line":16}},"branchMap":{"0":{"loc":{"start":{"line":10,"column":29},"end":{"line":10,"column":41}},"type":"default-arg","locations":[{"start":{"line":10,"column":40},"end":{"line":10,"column":41}}],"line":10},"1":{"loc":{"start":{"line":17,"column":4},"end":{"line":17,"column":null}},"type":"if","locations":[{"start":{"line":17,"column":4},"end":{"line":17,"column":null}},{"start":{},"end":{}}],"line":17},"2":{"loc":{"start":{"line":22,"column":11},"end":{"line":22,"column":null}},"type":"cond-expr","locations":[{"start":{"line":22,"column":25},"end":{"line":22,"column":33}},{"start":{"line":22,"column":33},"end":{"line":22,"column":null}}],"line":22}},"s":{"0":1,"1":14,"2":14,"3":1,"4":14,"5":7,"6":1,"7":6,"8":14},"f":{"0":14,"1":1,"2":7},"b":{"0":[14],"1":[1,6],"2":[2,12]},"meta":{"lastBranch":3,"lastFunction":3,"lastStatement":9,"seen":{"s:10:20:37:Infinity":0,"f:10:20:10:21":0,"b:10:40:10:41":0,"s:11:25:11:Infinity":1,"s:13:20:15:Infinity":2,"f:13:20:13:Infinity":1,"s:14:4:14:Infinity":3,"s:16:25:19:Infinity":4,"f:16:25:16:Infinity":2,"b:17:4:17:Infinity:undefined:undefined:undefined:undefined":1,"s:17:4:17:Infinity":5,"s:17:21:17:Infinity":6,"s:18:4:18:Infinity":7,"s:21:35:23:Infinity":8,"b:22:25:22:33:22:33:22:Infinity":2}}}
}
